
> frontend@1.0.0 dev
> vite --host --strictPort --port 5174


  VITE v5.4.21  ready in 214 ms

  ➜  Local:   http://localhost:5174/
  ➜  Network: http://10.1.0.13:5174/
11:37:40 AM [vite] Pre-transform error: Transform failed with 1 error:
/root/12.26/frontend/src/components/MyAnimationsPanel.jsx:18:9: ERROR: The symbol "API_BASE_URL" has already been declared
11:38:09 AM [vite] Internal server error: Transform failed with 1 error:
/root/12.26/frontend/src/components/MyAnimationsPanel.jsx:18:9: ERROR: The symbol "API_BASE_URL" has already been declared
  Plugin: vite:esbuild
  File: /root/12.26/frontend/src/components/MyAnimationsPanel.jsx:18:9
  
  The symbol "API_BASE_URL" has already been declared
  16 |  import ShareLinkModal from './ShareLinkModal.jsx';
  17 |  import { API_BASE_URL } from '../config/api';
  18 |  import { API_BASE_URL } from '../config/api';
     |           ^
  19 |  
  20 |  export default function MyAnimationsPanel({ onLoadAnimation }) {
  
      at failureErrorWithLog (/root/12.26/frontend/node_modules/esbuild/lib/main.js:1472:15)
      at /root/12.26/frontend/node_modules/esbuild/lib/main.js:755:50
      at responseCallbacks.<computed> (/root/12.26/frontend/node_modules/esbuild/lib/main.js:622:9)
      at handleIncomingPacket (/root/12.26/frontend/node_modules/esbuild/lib/main.js:677:12)
      at Socket.readFromStdout (/root/12.26/frontend/node_modules/esbuild/lib/main.js:600:7)
      at Socket.emit (node:events:524:28)
      at addChunk (node:internal/streams/readable:561:12)
      at readableAddChunkPushByteMode (node:internal/streams/readable:512:3)
      at Readable.push (node:internal/streams/readable:392:5)
      at Pipe.onStreamRead (node:internal/stream_base_commons:191:23)
